<?xml version="1.0" encoding="UTF-8"?>
<!-- Generated by org.testng.reporters.JUnitXMLReporter -->
<testsuite ignored="0" hostname="SAIKUMAR" failures="0" tests="0" name="Test" time="2.906" errors="0" timestamp="2023-10-11T09:14:14 IST">
  <testcase classname="com.qa.testscript.PdfValidation" name="@AfterTest quit" time="0.004">
    <failure type="java.lang.NullPointerException" message="Cannot invoke &amp;quot;org.openqa.selenium.WebDriver.quit()&amp;quot; because &amp;quot;this.driver&amp;quot; is null">
      <![CDATA[java.lang.NullPointerException: Cannot invoke "org.openqa.selenium.WebDriver.quit()" because "this.driver" is null
at com.qa.testscript.PdfValidation.quit(PdfValidation.java:115)
... Removed 22 stack frames]]>
    </failure>
  </testcase> <!-- @AfterTest quit -->
</testsuite> <!-- Test -->
