<?xml version="1.0" encoding="UTF-8"?>
<!-- Generated by org.testng.reporters.JUnitXMLReporter -->
<testsuite ignored="0" hostname="SAIKUMAR" failures="2" tests="10" name="Test" time="56.481" errors="0" timestamp="2023-10-11T18:26:39 IST">
  <testcase classname="com.qa.testscript.TestBase2" name="demo" time="0.006"/>
  <testcase classname="com.qa.testscript.TC01_PDFTextReaderandValidator" name="PDFContentComparsion" time="9.594"/>
  <testcase classname="com.qa.testscript.TestBase2" name="demo" time="0.001"/>
  <testcase classname="com.qa.testscript.TC02_PDFPageSplitorAndValidator" name="PDFPagesSpilor" time="0.052"/>
  <testcase classname="com.qa.testscript.TestBase2" name="demo" time="0.001"/>
  <testcase classname="com.qa.testscript.TC04_PDFPagesCount" name="PDFFilePagesCount" time="0.014"/>
  <testcase classname="com.qa.testscript.TestBase2" name="demo" time="0.001"/>
  <testcase classname="com.qa.testscript.TC05_PDFMergeTwoFiles" name="PDFFilesDownload" time="20.507">
    <failure type="java.io.IOException" message="Error: End-of-File, expected line at offset 0">
      <![CDATA[java.io.IOException: Error: End-of-File, expected line at offset 0
at org.apache.pdfbox.pdfparser.BaseParser.readLine(BaseParser.java:1124)
at org.apache.pdfbox.pdfparser.COSParser.parseHeader(COSParser.java:2650)
at org.apache.pdfbox.pdfparser.COSParser.parsePDFHeader(COSParser.java:2633)
at org.apache.pdfbox.pdfparser.PDFParser.parse(PDFParser.java:219)
at org.apache.pdfbox.pdmodel.PDDocument.load(PDDocument.java:1233)
at org.apache.pdfbox.pdmodel.PDDocument.load(PDDocument.java:1133)
at com.qa.testscript.TC05_PDFMergeTwoFiles.PDFFilesDownload(TC05_PDFMergeTwoFiles.java:63)
at java.base/java.util.ArrayList.forEach(ArrayList.java:1596)
... Removed 25 stack frames]]>
    </failure>
  </testcase> <!-- PDFFilesDownload -->
  <testcase classname="com.qa.testscript.TC05_PDFMergeTwoFiles" name="PDFMergeFiles" time="18.161">
    <failure type="java.io.IOException" message="Error: End-of-File, expected line at offset 0">
      <![CDATA[java.io.IOException: Error: End-of-File, expected line at offset 0
at org.apache.pdfbox.pdfparser.BaseParser.readLine(BaseParser.java:1124)
at org.apache.pdfbox.pdfparser.COSParser.parseHeader(COSParser.java:2650)
at org.apache.pdfbox.pdfparser.COSParser.parsePDFHeader(COSParser.java:2633)
at org.apache.pdfbox.pdfparser.PDFParser.parse(PDFParser.java:219)
at org.apache.pdfbox.pdmodel.PDDocument.load(PDDocument.java:1233)
at org.apache.pdfbox.pdmodel.PDDocument.load(PDDocument.java:1133)
at com.qa.testscript.TC05_PDFMergeTwoFiles.PDFFilesDownload(TC05_PDFMergeTwoFiles.java:63)
at com.qa.testscript.TC05_PDFMergeTwoFiles.PDFMergeFiles(TC05_PDFMergeTwoFiles.java:29)
at java.base/java.util.ArrayList.forEach(ArrayList.java:1596)
... Removed 25 stack frames]]>
    </failure>
  </testcase> <!-- PDFMergeFiles -->
  <testcase classname="com.qa.testscript.TestBase2" name="demo" time="0.001"/>
</testsuite> <!-- Test -->
